Started GET "/" for 127.0.0.1 at 2017-06-26 08:27:44 +0700
Processing by ApplicationController#hello as HTML
  Rendering html template
  Rendered html template (0.1ms)
Completed 200 OK in 306ms (Views: 19.8ms)


  [1m[35m (0.2ms)[0m  [1m[34mSELECT sqlite_version(*)[0m
  [1m[35m (102.4ms)[0m  [1m[35mCREATE TABLE "schema_migrations" ("version" varchar NOT NULL PRIMARY KEY)[0m
  [1m[35m (127.4ms)[0m  [1m[35mCREATE TABLE "ar_internal_metadata" ("key" varchar NOT NULL PRIMARY KEY, "value" varchar, "created_at" datetime NOT NULL, "updated_at" datetime NOT NULL)[0m
  [1m[36mActiveRecord::InternalMetadata Load (0.2ms)[0m  [1m[34mSELECT  "ar_internal_metadata".* FROM "ar_internal_metadata" WHERE "ar_internal_metadata"."key" = ? LIMIT ?[0m  [["key", "environment"], ["LIMIT", 1]]
  [1m[35m (0.1ms)[0m  [1m[36mbegin transaction[0m
  [1m[35mSQL (0.3ms)[0m  [1m[32mINSERT INTO "ar_internal_metadata" ("key", "value", "created_at", "updated_at") VALUES (?, ?, ?, ?)[0m  [["key", "environment"], ["value", "development"], ["created_at", "2017-06-26 01:41:22.598795"], ["updated_at", "2017-06-26 01:41:22.598795"]]
  [1m[35m (67.0ms)[0m  [1m[36mcommit transaction[0m
  [1m[35m (0.1ms)[0m  [1m[34mSELECT "schema_migrations"."version" FROM "schema_migrations" ORDER BY "schema_migrations"."version" ASC[0m
Started GET "/" for 127.0.0.1 at 2017-06-26 08:56:46 +0700
  
ActionController::RoutingError (uninitialized constant ApplicationControllers):
  
app/controllers/users_controller.rb:1:in `<top (required)>'
Started GET "/" for 127.0.0.1 at 2017-06-26 08:57:03 +0700
  
ActionController::RoutingError (uninitialized constant ApplicationControllers):
  
app/controllers/users_controller.rb:1:in `<top (required)>'
  [1m[36mActiveRecord::InternalMetadata Load (0.2ms)[0m  [1m[34mSELECT  "ar_internal_metadata".* FROM "ar_internal_metadata" WHERE "ar_internal_metadata"."key" = ? LIMIT ?[0m  [["key", "environment"], ["LIMIT", 1]]
  [1m[35m (0.1ms)[0m  [1m[36mbegin transaction[0m
  [1m[35m (0.1ms)[0m  [1m[36mcommit transaction[0m
  [1m[35m (0.1ms)[0m  [1m[34mSELECT "schema_migrations"."version" FROM "schema_migrations" ORDER BY "schema_migrations"."version" ASC[0m
  [1m[35m (0.2ms)[0m  [1m[34mSELECT "schema_migrations"."version" FROM "schema_migrations" ORDER BY "schema_migrations"."version" ASC[0m
Migrating to CreateMicroposts (20170626015928)
  [1m[35m (0.1ms)[0m  [1m[36mbegin transaction[0m
  [1m[35m (0.1ms)[0m  [1m[34mSELECT sqlite_version(*)[0m
  [1m[35m (0.6ms)[0m  [1m[35mCREATE TABLE "microposts" ("id" INTEGER PRIMARY KEY AUTOINCREMENT NOT NULL, "content" text, "user_id" integer, "created_at" datetime NOT NULL, "updated_at" datetime NOT NULL)[0m
  [1m[35mSQL (0.2ms)[0m  [1m[32mINSERT INTO "schema_migrations" ("version") VALUES (?)[0m  [["version", "20170626015928"]]
  [1m[35m (98.5ms)[0m  [1m[36mcommit transaction[0m
  [1m[36mActiveRecord::InternalMetadata Load (0.2ms)[0m  [1m[34mSELECT  "ar_internal_metadata".* FROM "ar_internal_metadata" WHERE "ar_internal_metadata"."key" = ? LIMIT ?[0m  [["key", "environment"], ["LIMIT", 1]]
  [1m[35m (0.1ms)[0m  [1m[36mbegin transaction[0m
  [1m[35m (0.1ms)[0m  [1m[36mcommit transaction[0m
  [1m[35m (0.1ms)[0m  [1m[34mSELECT "schema_migrations"."version" FROM "schema_migrations" ORDER BY "schema_migrations"."version" ASC[0m
  [1m[35m (0.2ms)[0m  [1m[34mSELECT "schema_migrations"."version" FROM "schema_migrations" ORDER BY "schema_migrations"."version" ASC[0m
Migrating to CreateUsers (20170626020124)
  [1m[35m (0.1ms)[0m  [1m[36mbegin transaction[0m
  [1m[35m (0.1ms)[0m  [1m[34mSELECT sqlite_version(*)[0m
  [1m[35m (1.3ms)[0m  [1m[35mCREATE TABLE "users" ("id" INTEGER PRIMARY KEY AUTOINCREMENT NOT NULL, "name" varchar, "email" varchar, "created_at" datetime NOT NULL, "updated_at" datetime NOT NULL)[0m
  [1m[35mSQL (0.2ms)[0m  [1m[32mINSERT INTO "schema_migrations" ("version") VALUES (?)[0m  [["version", "20170626020124"]]
  [1m[35m (86.9ms)[0m  [1m[36mcommit transaction[0m
  [1m[36mActiveRecord::InternalMetadata Load (0.3ms)[0m  [1m[34mSELECT  "ar_internal_metadata".* FROM "ar_internal_metadata" WHERE "ar_internal_metadata"."key" = ? LIMIT ?[0m  [["key", "environment"], ["LIMIT", 1]]
  [1m[35m (0.1ms)[0m  [1m[36mbegin transaction[0m
  [1m[35m (0.1ms)[0m  [1m[36mcommit transaction[0m
  [1m[35m (0.2ms)[0m  [1m[34mSELECT "schema_migrations"."version" FROM "schema_migrations" ORDER BY "schema_migrations"."version" ASC[0m
Started GET "/" for 127.0.0.1 at 2017-06-26 09:03:17 +0700
  [1m[35m (0.2ms)[0m  [1m[34mSELECT "schema_migrations"."version" FROM "schema_migrations" ORDER BY "schema_migrations"."version" ASC[0m
Processing by UsersController#index as HTML
  Rendering users/index.html.erb within layouts/application
  [1m[36mUser Load (0.3ms)[0m  [1m[34mSELECT "users".* FROM "users"[0m
  Rendered users/index.html.erb within layouts/application (3.8ms)
Completed 200 OK in 642ms (Views: 636.5ms | ActiveRecord: 0.7ms)


Started GET "/users/new" for 127.0.0.1 at 2017-06-26 09:03:20 +0700
Processing by UsersController#new as HTML
  Rendering users/new.html.erb within layouts/application
  Rendered users/_form.html.erb (146.1ms) [cache miss]
  Rendered users/new.html.erb within layouts/application (147.7ms)
Completed 200 OK in 189ms (Views: 174.9ms | ActiveRecord: 0.8ms)


Started GET "/users" for 127.0.0.1 at 2017-06-26 09:03:22 +0700
Processing by UsersController#index as HTML
  Rendering users/index.html.erb within layouts/application
  [1m[36mUser Load (0.4ms)[0m  [1m[34mSELECT "users".* FROM "users"[0m
  Rendered users/index.html.erb within layouts/application (3.2ms)
Completed 200 OK in 58ms (Views: 55.4ms | ActiveRecord: 0.4ms)


Started GET "/users/new" for 127.0.0.1 at 2017-06-26 09:03:23 +0700
Processing by UsersController#new as HTML
  Rendering users/new.html.erb within layouts/application
  Rendered users/_form.html.erb (5.2ms) [cache miss]
  Rendered users/new.html.erb within layouts/application (7.3ms)
Completed 200 OK in 55ms (Views: 53.3ms | ActiveRecord: 0.0ms)


Started POST "/users" for 127.0.0.1 at 2017-06-26 09:03:25 +0700
Processing by UsersController#create as HTML
  Parameters: {"utf8"=>"✓", "authenticity_token"=>"jc41Pcd76C++8WuQ2gVPEHoVGd96OxKlbJNrFjG1IyepRpymUQ+y1iGe+HxXu13c64Ofznnu4hakENxxnUVdhQ==", "user"=>{"name"=>"", "email"=>""}, "commit"=>"Create User"}
  [1m[35m (0.1ms)[0m  [1m[36mbegin transaction[0m
  [1m[35mSQL (0.6ms)[0m  [1m[32mINSERT INTO "users" ("name", "email", "created_at", "updated_at") VALUES (?, ?, ?, ?)[0m  [["name", ""], ["email", ""], ["created_at", "2017-06-26 02:03:25.296494"], ["updated_at", "2017-06-26 02:03:25.296494"]]
  [1m[35m (82.8ms)[0m  [1m[36mcommit transaction[0m
Redirected to http://localhost:3000/users/1
Completed 302 Found in 92ms (ActiveRecord: 83.5ms)


Started GET "/users/1" for 127.0.0.1 at 2017-06-26 09:03:25 +0700
Processing by UsersController#show as HTML
  Parameters: {"id"=>"1"}
  [1m[36mUser Load (0.3ms)[0m  [1m[34mSELECT  "users".* FROM "users" WHERE "users"."id" = ? LIMIT ?[0m  [["id", 1], ["LIMIT", 1]]
  Rendering users/show.html.erb within layouts/application
  Rendered users/show.html.erb within layouts/application (2.0ms)
Completed 200 OK in 57ms (Views: 43.2ms | ActiveRecord: 0.3ms)


Started GET "/users" for 127.0.0.1 at 2017-06-26 09:03:27 +0700
Processing by UsersController#index as HTML
  Rendering users/index.html.erb within layouts/application
  [1m[36mUser Load (0.2ms)[0m  [1m[34mSELECT "users".* FROM "users"[0m
  Rendered users/index.html.erb within layouts/application (2.5ms)
Completed 200 OK in 39ms (Views: 36.5ms | ActiveRecord: 0.2ms)


  [1m[35m (0.2ms)[0m  [1m[34mSELECT "schema_migrations"."version" FROM "schema_migrations" ORDER BY "schema_migrations"."version" ASC[0m
  [1m[36mActiveRecord::InternalMetadata Load (0.2ms)[0m  [1m[34mSELECT  "ar_internal_metadata".* FROM "ar_internal_metadata" WHERE "ar_internal_metadata"."key" = ? LIMIT ?[0m  [["key", "environment"], ["LIMIT", 1]]
  [1m[35m (0.1ms)[0m  [1m[36mbegin transaction[0m
  [1m[35m (0.1ms)[0m  [1m[36mcommit transaction[0m
  [1m[35m (0.1ms)[0m  [1m[34mSELECT "schema_migrations"."version" FROM "schema_migrations" ORDER BY "schema_migrations"."version" ASC[0m
  [1m[35m (0.2ms)[0m  [1m[34mSELECT "schema_migrations"."version" FROM "schema_migrations" ORDER BY "schema_migrations"."version" ASC[0m
  [1m[36mActiveRecord::InternalMetadata Load (0.2ms)[0m  [1m[34mSELECT  "ar_internal_metadata".* FROM "ar_internal_metadata" WHERE "ar_internal_metadata"."key" = ? LIMIT ?[0m  [["key", "environment"], ["LIMIT", 1]]
  [1m[35m (0.1ms)[0m  [1m[36mbegin transaction[0m
  [1m[35m (0.1ms)[0m  [1m[36mcommit transaction[0m
  [1m[35m (0.1ms)[0m  [1m[34mSELECT "schema_migrations"."version" FROM "schema_migrations" ORDER BY "schema_migrations"."version" ASC[0m
  [1m[35m (0.3ms)[0m  [1m[34mSELECT "schema_migrations"."version" FROM "schema_migrations" ORDER BY "schema_migrations"."version" ASC[0m
  [1m[36mActiveRecord::InternalMetadata Load (0.2ms)[0m  [1m[34mSELECT  "ar_internal_metadata".* FROM "ar_internal_metadata" WHERE "ar_internal_metadata"."key" = ? LIMIT ?[0m  [["key", "environment"], ["LIMIT", 1]]
  [1m[35m (0.1ms)[0m  [1m[36mbegin transaction[0m
  [1m[35m (0.1ms)[0m  [1m[36mcommit transaction[0m
  [1m[35m (0.1ms)[0m  [1m[34mSELECT "schema_migrations"."version" FROM "schema_migrations" ORDER BY "schema_migrations"."version" ASC[0m
  [1m[35m (0.2ms)[0m  [1m[34mSELECT "schema_migrations"."version" FROM "schema_migrations" ORDER BY "schema_migrations"."version" ASC[0m
  [1m[36mActiveRecord::InternalMetadata Load (0.2ms)[0m  [1m[34mSELECT  "ar_internal_metadata".* FROM "ar_internal_metadata" WHERE "ar_internal_metadata"."key" = ? LIMIT ?[0m  [["key", "environment"], ["LIMIT", 1]]
  [1m[35m (0.1ms)[0m  [1m[36mbegin transaction[0m
  [1m[35m (0.1ms)[0m  [1m[36mcommit transaction[0m
  [1m[35m (0.1ms)[0m  [1m[34mSELECT "schema_migrations"."version" FROM "schema_migrations" ORDER BY "schema_migrations"."version" ASC[0m
Started GET "/users" for 127.0.0.1 at 2017-06-26 09:09:48 +0700
Processing by UsersController#index as HTML
  Rendering users/index.html.erb within layouts/application
  [1m[36mUser Load (0.2ms)[0m  [1m[34mSELECT "users".* FROM "users"[0m
  Rendered users/index.html.erb within layouts/application (10.8ms)
Completed 200 OK in 38ms (Views: 33.2ms | ActiveRecord: 1.3ms)


Started GET "/users/new" for 127.0.0.1 at 2017-06-26 09:09:53 +0700
Processing by UsersController#new as HTML
  Rendering users/new.html.erb within layouts/application
  Rendered users/_form.html.erb (3.2ms) [cache miss]
  Rendered users/new.html.erb within layouts/application (5.0ms)
Completed 200 OK in 36ms (Views: 34.6ms | ActiveRecord: 0.0ms)


Started POST "/users" for 127.0.0.1 at 2017-06-26 09:10:02 +0700
Processing by UsersController#create as HTML
  Parameters: {"utf8"=>"✓", "authenticity_token"=>"yQDHB7/alEzYMBvrK3MiCvvhqIMlEp1ATMWjDyBMMSvtiG6cKa7OtUdfiAemzTDGancukibHbfOERhRojLxPiQ==", "user"=>{"name"=>"Nuon Sothea", "email"=>"thea578@gmail.com"}, "commit"=>"Create User"}
  [1m[35m (0.1ms)[0m  [1m[36mbegin transaction[0m
  [1m[35mSQL (0.4ms)[0m  [1m[32mINSERT INTO "users" ("name", "email", "created_at", "updated_at") VALUES (?, ?, ?, ?)[0m  [["name", "Nuon Sothea"], ["email", "thea578@gmail.com"], ["created_at", "2017-06-26 02:10:02.240629"], ["updated_at", "2017-06-26 02:10:02.240629"]]
  [1m[35m (167.1ms)[0m  [1m[36mcommit transaction[0m
Redirected to http://localhost:3000/users/2
Completed 302 Found in 175ms (ActiveRecord: 167.6ms)


Started GET "/users/2" for 127.0.0.1 at 2017-06-26 09:10:02 +0700
Processing by UsersController#show as HTML
  Parameters: {"id"=>"2"}
  [1m[36mUser Load (0.2ms)[0m  [1m[34mSELECT  "users".* FROM "users" WHERE "users"."id" = ? LIMIT ?[0m  [["id", 2], ["LIMIT", 1]]
  Rendering users/show.html.erb within layouts/application
  Rendered users/show.html.erb within layouts/application (1.2ms)
Completed 200 OK in 29ms (Views: 26.0ms | ActiveRecord: 0.2ms)


Started GET "/users/2/edit" for 127.0.0.1 at 2017-06-26 09:10:05 +0700
Processing by UsersController#edit as HTML
  Parameters: {"id"=>"2"}
  [1m[36mUser Load (0.2ms)[0m  [1m[34mSELECT  "users".* FROM "users" WHERE "users"."id" = ? LIMIT ?[0m  [["id", 2], ["LIMIT", 1]]
  Rendering users/edit.html.erb within layouts/application
  Rendered users/_form.html.erb (2.5ms) [cache miss]
  Rendered users/edit.html.erb within layouts/application (4.1ms)
Completed 200 OK in 33ms (Views: 31.0ms | ActiveRecord: 0.2ms)


Started GET "/users" for 127.0.0.1 at 2017-06-26 09:10:06 +0700
Processing by UsersController#index as HTML
  Rendering users/index.html.erb within layouts/application
  [1m[36mUser Load (0.3ms)[0m  [1m[34mSELECT "users".* FROM "users"[0m
  Rendered users/index.html.erb within layouts/application (2.9ms)
Completed 200 OK in 32ms (Views: 29.7ms | ActiveRecord: 0.3ms)


Started DELETE "/users/2" for 127.0.0.1 at 2017-06-26 09:10:12 +0700
Processing by UsersController#destroy as HTML
  Parameters: {"authenticity_token"=>"Qtd8VmGoF8+oYkTw2WUOZDD6Hc65dNiStwXp9MqYavOKjyCSaUArBEuq14bHEd1XA3dvHi/w3jy86wh3k5zHCw==", "id"=>"2"}
  [1m[36mUser Load (0.1ms)[0m  [1m[34mSELECT  "users".* FROM "users" WHERE "users"."id" = ? LIMIT ?[0m  [["id", 2], ["LIMIT", 1]]
  [1m[35m (0.1ms)[0m  [1m[36mbegin transaction[0m
  [1m[35mSQL (0.3ms)[0m  [1m[31mDELETE FROM "users" WHERE "users"."id" = ?[0m  [["id", 2]]
  [1m[35m (166.0ms)[0m  [1m[36mcommit transaction[0m
Redirected to http://localhost:3000/users
Completed 302 Found in 170ms (ActiveRecord: 166.6ms)


Started GET "/users" for 127.0.0.1 at 2017-06-26 09:10:12 +0700
Processing by UsersController#index as HTML
  Rendering users/index.html.erb within layouts/application
  [1m[36mUser Load (0.4ms)[0m  [1m[34mSELECT "users".* FROM "users"[0m
  Rendered users/index.html.erb within layouts/application (2.9ms)
Completed 200 OK in 34ms (Views: 32.1ms | ActiveRecord: 0.4ms)


Started GET "/users" for 127.0.0.1 at 2017-06-26 09:11:37 +0700
Processing by UsersController#index as HTML
  Rendering users/index.html.erb within layouts/application
  [1m[36mUser Load (0.1ms)[0m  [1m[34mSELECT "users".* FROM "users"[0m
  Rendered users/index.html.erb within layouts/application (10.3ms)
Completed 200 OK in 38ms (Views: 32.8ms | ActiveRecord: 1.2ms)


Started GET "/users" for 127.0.0.1 at 2017-06-26 09:11:56 +0700
Processing by UsersController#index as HTML
  Rendering users/index.html.erb within layouts/application
  [1m[36mUser Load (0.2ms)[0m  [1m[34mSELECT "users".* FROM "users"[0m
  Rendered users/index.html.erb within layouts/application (12.0ms)
Completed 200 OK in 40ms (Views: 34.6ms | ActiveRecord: 1.6ms)


Started GET "/users" for 127.0.0.1 at 2017-06-26 09:11:58 +0700
Processing by UsersController#index as HTML
  Rendering users/index.html.erb within layouts/application
  [1m[36mUser Load (0.3ms)[0m  [1m[34mSELECT "users".* FROM "users"[0m
  Rendered users/index.html.erb within layouts/application (2.9ms)
Completed 200 OK in 26ms (Views: 24.4ms | ActiveRecord: 0.3ms)


Started GET "/users" for 127.0.0.1 at 2017-06-26 09:11:59 +0700
Processing by UsersController#index as HTML
  Rendering users/index.html.erb within layouts/application
  [1m[36mUser Load (0.2ms)[0m  [1m[34mSELECT "users".* FROM "users"[0m
  Rendered users/index.html.erb within layouts/application (2.4ms)
Completed 200 OK in 27ms (Views: 24.9ms | ActiveRecord: 0.2ms)


Started GET "/users" for 127.0.0.1 at 2017-06-26 09:12:01 +0700
Processing by UsersController#index as HTML
  Rendering users/index.html.erb within layouts/application
  [1m[36mUser Load (0.3ms)[0m  [1m[34mSELECT "users".* FROM "users"[0m
  Rendered users/index.html.erb within layouts/application (3.0ms)
Completed 200 OK in 29ms (Views: 27.5ms | ActiveRecord: 0.3ms)


Started GET "/users" for 127.0.0.1 at 2017-06-26 09:12:03 +0700
Processing by UsersController#index as HTML
  Rendering users/index.html.erb within layouts/application
  [1m[36mUser Load (0.2ms)[0m  [1m[34mSELECT "users".* FROM "users"[0m
  Rendered users/index.html.erb within layouts/application (2.2ms)
Completed 200 OK in 27ms (Views: 25.7ms | ActiveRecord: 0.2ms)


  [1m[35m (0.2ms)[0m  [1m[34mSELECT "schema_migrations"."version" FROM "schema_migrations" ORDER BY "schema_migrations"."version" ASC[0m
  [1m[36mActiveRecord::InternalMetadata Load (0.2ms)[0m  [1m[34mSELECT  "ar_internal_metadata".* FROM "ar_internal_metadata" WHERE "ar_internal_metadata"."key" = ? LIMIT ?[0m  [["key", "environment"], ["LIMIT", 1]]
  [1m[35m (0.1ms)[0m  [1m[36mbegin transaction[0m
  [1m[35m (0.1ms)[0m  [1m[36mcommit transaction[0m
  [1m[35m (0.1ms)[0m  [1m[34mSELECT "schema_migrations"."version" FROM "schema_migrations" ORDER BY "schema_migrations"."version" ASC[0m
  [1m[35m (8.7ms)[0m  [1m[34mSELECT "schema_migrations"."version" FROM "schema_migrations" ORDER BY "schema_migrations"."version" ASC[0m
  [1m[36mActiveRecord::InternalMetadata Load (0.2ms)[0m  [1m[34mSELECT  "ar_internal_metadata".* FROM "ar_internal_metadata" WHERE "ar_internal_metadata"."key" = ? LIMIT ?[0m  [["key", "environment"], ["LIMIT", 1]]
  [1m[35m (0.1ms)[0m  [1m[36mbegin transaction[0m
  [1m[35m (0.1ms)[0m  [1m[36mcommit transaction[0m
  [1m[35m (0.1ms)[0m  [1m[34mSELECT "schema_migrations"."version" FROM "schema_migrations" ORDER BY "schema_migrations"."version" ASC[0m
  [1m[35m (0.2ms)[0m  [1m[34mSELECT "schema_migrations"."version" FROM "schema_migrations" ORDER BY "schema_migrations"."version" ASC[0m
  [1m[36mActiveRecord::InternalMetadata Load (0.2ms)[0m  [1m[34mSELECT  "ar_internal_metadata".* FROM "ar_internal_metadata" WHERE "ar_internal_metadata"."key" = ? LIMIT ?[0m  [["key", "environment"], ["LIMIT", 1]]
  [1m[35m (0.1ms)[0m  [1m[36mbegin transaction[0m
  [1m[35m (0.1ms)[0m  [1m[36mcommit transaction[0m
  [1m[35m (0.1ms)[0m  [1m[34mSELECT "schema_migrations"."version" FROM "schema_migrations" ORDER BY "schema_migrations"."version" ASC[0m
  [1m[35m (0.2ms)[0m  [1m[34mSELECT "schema_migrations"."version" FROM "schema_migrations" ORDER BY "schema_migrations"."version" ASC[0m
  [1m[36mActiveRecord::InternalMetadata Load (0.2ms)[0m  [1m[34mSELECT  "ar_internal_metadata".* FROM "ar_internal_metadata" WHERE "ar_internal_metadata"."key" = ? LIMIT ?[0m  [["key", "environment"], ["LIMIT", 1]]
  [1m[35m (0.1ms)[0m  [1m[36mbegin transaction[0m
  [1m[35m (0.1ms)[0m  [1m[36mcommit transaction[0m
  [1m[35m (0.1ms)[0m  [1m[34mSELECT "schema_migrations"."version" FROM "schema_migrations" ORDER BY "schema_migrations"."version" ASC[0m
  [1m[35m (0.2ms)[0m  [1m[34mSELECT "schema_migrations"."version" FROM "schema_migrations" ORDER BY "schema_migrations"."version" ASC[0m
  [1m[36mActiveRecord::InternalMetadata Load (0.2ms)[0m  [1m[34mSELECT  "ar_internal_metadata".* FROM "ar_internal_metadata" WHERE "ar_internal_metadata"."key" = ? LIMIT ?[0m  [["key", "environment"], ["LIMIT", 1]]
  [1m[35m (0.1ms)[0m  [1m[36mbegin transaction[0m
  [1m[35m (0.1ms)[0m  [1m[36mcommit transaction[0m
  [1m[35m (0.1ms)[0m  [1m[34mSELECT "schema_migrations"."version" FROM "schema_migrations" ORDER BY "schema_migrations"."version" ASC[0m
  [1m[35m (0.2ms)[0m  [1m[34mSELECT "schema_migrations"."version" FROM "schema_migrations" ORDER BY "schema_migrations"."version" ASC[0m
  [1m[36mActiveRecord::InternalMetadata Load (0.2ms)[0m  [1m[34mSELECT  "ar_internal_metadata".* FROM "ar_internal_metadata" WHERE "ar_internal_metadata"."key" = ? LIMIT ?[0m  [["key", "environment"], ["LIMIT", 1]]
  [1m[35m (0.1ms)[0m  [1m[36mbegin transaction[0m
  [1m[35m (0.1ms)[0m  [1m[36mcommit transaction[0m
  [1m[35m (0.1ms)[0m  [1m[34mSELECT "schema_migrations"."version" FROM "schema_migrations" ORDER BY "schema_migrations"."version" ASC[0m
  [1m[35m (0.2ms)[0m  [1m[34mSELECT "schema_migrations"."version" FROM "schema_migrations" ORDER BY "schema_migrations"."version" ASC[0m
  [1m[36mActiveRecord::InternalMetadata Load (0.2ms)[0m  [1m[34mSELECT  "ar_internal_metadata".* FROM "ar_internal_metadata" WHERE "ar_internal_metadata"."key" = ? LIMIT ?[0m  [["key", "environment"], ["LIMIT", 1]]
  [1m[35m (0.1ms)[0m  [1m[36mbegin transaction[0m
  [1m[35m (0.1ms)[0m  [1m[36mcommit transaction[0m
  [1m[35m (0.1ms)[0m  [1m[34mSELECT "schema_migrations"."version" FROM "schema_migrations" ORDER BY "schema_migrations"."version" ASC[0m
Started GET "/users" for 127.0.0.1 at 2017-06-26 09:22:40 +0700
Processing by UsersController#index as HTML
  Rendering users/index.html.erb within layouts/application
  [1m[36mUser Load (0.2ms)[0m  [1m[34mSELECT "users".* FROM "users"[0m
  Rendered users/index.html.erb within layouts/application (17.9ms)
Completed 200 OK in 47ms (Views: 42.4ms | ActiveRecord: 1.7ms)


Started GET "/users" for 127.0.0.1 at 2017-06-26 09:22:41 +0700
Processing by UsersController#index as HTML
  Rendering users/index.html.erb within layouts/application
  [1m[36mUser Load (0.2ms)[0m  [1m[34mSELECT "users".* FROM "users"[0m
  Rendered users/index.html.erb within layouts/application (2.2ms)
Completed 200 OK in 25ms (Views: 23.3ms | ActiveRecord: 0.2ms)


Started GET "/users" for 127.0.0.1 at 2017-06-26 09:22:42 +0700
Processing by UsersController#index as HTML
  Rendering users/index.html.erb within layouts/application
  [1m[36mUser Load (0.2ms)[0m  [1m[34mSELECT "users".* FROM "users"[0m
  Rendered users/index.html.erb within layouts/application (2.1ms)
Completed 200 OK in 27ms (Views: 25.6ms | ActiveRecord: 0.2ms)


  [1m[35m (0.2ms)[0m  [1m[34mSELECT "schema_migrations"."version" FROM "schema_migrations" ORDER BY "schema_migrations"."version" ASC[0m
  [1m[36mActiveRecord::InternalMetadata Load (0.2ms)[0m  [1m[34mSELECT  "ar_internal_metadata".* FROM "ar_internal_metadata" WHERE "ar_internal_metadata"."key" = ? LIMIT ?[0m  [["key", "environment"], ["LIMIT", 1]]
  [1m[35m (0.1ms)[0m  [1m[36mbegin transaction[0m
  [1m[35m (0.1ms)[0m  [1m[36mcommit transaction[0m
  [1m[35m (0.1ms)[0m  [1m[34mSELECT "schema_migrations"."version" FROM "schema_migrations" ORDER BY "schema_migrations"."version" ASC[0m
  [1m[35m (0.2ms)[0m  [1m[34mSELECT "schema_migrations"."version" FROM "schema_migrations" ORDER BY "schema_migrations"."version" ASC[0m
  [1m[36mActiveRecord::InternalMetadata Load (0.2ms)[0m  [1m[34mSELECT  "ar_internal_metadata".* FROM "ar_internal_metadata" WHERE "ar_internal_metadata"."key" = ? LIMIT ?[0m  [["key", "environment"], ["LIMIT", 1]]
  [1m[35m (0.1ms)[0m  [1m[36mbegin transaction[0m
  [1m[35m (0.1ms)[0m  [1m[36mcommit transaction[0m
  [1m[35m (0.1ms)[0m  [1m[34mSELECT "schema_migrations"."version" FROM "schema_migrations" ORDER BY "schema_migrations"."version" ASC[0m
  [1m[35m (0.2ms)[0m  [1m[34mSELECT "schema_migrations"."version" FROM "schema_migrations" ORDER BY "schema_migrations"."version" ASC[0m
  [1m[36mActiveRecord::InternalMetadata Load (0.2ms)[0m  [1m[34mSELECT  "ar_internal_metadata".* FROM "ar_internal_metadata" WHERE "ar_internal_metadata"."key" = ? LIMIT ?[0m  [["key", "environment"], ["LIMIT", 1]]
  [1m[35m (0.1ms)[0m  [1m[36mbegin transaction[0m
  [1m[35m (0.1ms)[0m  [1m[36mcommit transaction[0m
  [1m[35m (0.1ms)[0m  [1m[34mSELECT "schema_migrations"."version" FROM "schema_migrations" ORDER BY "schema_migrations"."version" ASC[0m
Started GET "/users/new" for 127.0.0.1 at 2017-06-26 09:42:09 +0700
Processing by UsersController#new as HTML
  Rendering users/new.html.erb within layouts/application
  Rendered users/_form.html.erb (2.9ms) [cache miss]
  Rendered users/new.html.erb within layouts/application (4.2ms)
Completed 200 OK in 47ms (Views: 34.8ms | ActiveRecord: 1.3ms)


Started POST "/users" for 127.0.0.1 at 2017-06-26 09:50:52 +0700
Processing by UsersController#create as HTML
  Parameters: {"utf8"=>"✓", "authenticity_token"=>"Hn0HjRfZVixjq2bBTBQ+2dLXH5ErT9mTAQY5z+B8+Aw69a4Wga0M1fzE9S3BqiwVQ0GZgCiaKSDJhY6oTIyGrg==", "user"=>{"name"=>"Nuon Sothea", "email"=>"thea578@gmail.com"}, "commit"=>"Create User"}
  [1m[35m (0.1ms)[0m  [1m[36mbegin transaction[0m
  [1m[35mSQL (0.9ms)[0m  [1m[32mINSERT INTO "users" ("name", "email", "created_at", "updated_at") VALUES (?, ?, ?, ?)[0m  [["name", "Nuon Sothea"], ["email", "thea578@gmail.com"], ["created_at", "2017-06-26 02:50:52.538960"], ["updated_at", "2017-06-26 02:50:52.538960"]]
  [1m[35m (170.4ms)[0m  [1m[36mcommit transaction[0m
Redirected to http://localhost:3000/users/3
Completed 302 Found in 175ms (ActiveRecord: 171.3ms)


Started GET "/users/3" for 127.0.0.1 at 2017-06-26 09:50:52 +0700
Processing by UsersController#show as HTML
  Parameters: {"id"=>"3"}
  [1m[36mUser Load (0.3ms)[0m  [1m[34mSELECT  "users".* FROM "users" WHERE "users"."id" = ? LIMIT ?[0m  [["id", 3], ["LIMIT", 1]]
  Rendering users/show.html.erb within layouts/application
  Rendered users/show.html.erb within layouts/application (0.9ms)
Completed 200 OK in 25ms (Views: 22.6ms | ActiveRecord: 0.3ms)


Started GET "/users" for 127.0.0.1 at 2017-06-26 09:50:54 +0700
Processing by UsersController#index as HTML
  Rendering users/index.html.erb within layouts/application
  [1m[36mUser Load (0.2ms)[0m  [1m[34mSELECT "users".* FROM "users"[0m
  Rendered users/index.html.erb within layouts/application (2.5ms)
Completed 200 OK in 29ms (Views: 27.5ms | ActiveRecord: 0.2ms)


Started GET "/users/3" for 127.0.0.1 at 2017-06-26 09:50:57 +0700
Processing by UsersController#show as HTML
  Parameters: {"id"=>"3"}
  [1m[36mUser Load (0.1ms)[0m  [1m[34mSELECT  "users".* FROM "users" WHERE "users"."id" = ? LIMIT ?[0m  [["id", 3], ["LIMIT", 1]]
  Rendering users/show.html.erb within layouts/application
  Rendered users/show.html.erb within layouts/application (0.8ms)
Completed 200 OK in 31ms (Views: 28.7ms | ActiveRecord: 0.1ms)


Started GET "/users" for 127.0.0.1 at 2017-06-26 09:50:59 +0700
Processing by UsersController#index as HTML
  Rendering users/index.html.erb within layouts/application
  [1m[36mUser Load (0.3ms)[0m  [1m[34mSELECT "users".* FROM "users"[0m
  Rendered users/index.html.erb within layouts/application (3.3ms)
Completed 200 OK in 28ms (Views: 25.8ms | ActiveRecord: 0.3ms)


Started GET "/users" for 127.0.0.1 at 2017-06-26 10:05:45 +0700
Processing by UsersController#index as HTML
  Rendering users/index.html.erb within layouts/application
  [1m[36mUser Load (0.2ms)[0m  [1m[34mSELECT "users".* FROM "users"[0m
  Rendered users/index.html.erb within layouts/application (2.3ms)
Completed 200 OK in 28ms (Views: 26.6ms | ActiveRecord: 0.2ms)


Started GET "/users/3" for 127.0.0.1 at 2017-06-26 10:05:49 +0700
Processing by UsersController#show as HTML
  Parameters: {"id"=>"3"}
  [1m[36mUser Load (0.1ms)[0m  [1m[34mSELECT  "users".* FROM "users" WHERE "users"."id" = ? LIMIT ?[0m  [["id", 3], ["LIMIT", 1]]
  Rendering users/show.html.erb within layouts/application
  Rendered users/show.html.erb within layouts/application (0.9ms)
Completed 200 OK in 35ms (Views: 33.0ms | ActiveRecord: 0.1ms)


Started GET "/users/3/edit" for 127.0.0.1 at 2017-06-26 10:05:53 +0700
Processing by UsersController#edit as HTML
  Parameters: {"id"=>"3"}
  [1m[36mUser Load (0.1ms)[0m  [1m[34mSELECT  "users".* FROM "users" WHERE "users"."id" = ? LIMIT ?[0m  [["id", 3], ["LIMIT", 1]]
  Rendering users/edit.html.erb within layouts/application
  Rendered users/_form.html.erb (2.6ms) [cache miss]
  Rendered users/edit.html.erb within layouts/application (4.7ms)
Completed 200 OK in 33ms (Views: 31.0ms | ActiveRecord: 0.1ms)


Started GET "/users" for 127.0.0.1 at 2017-06-26 10:05:56 +0700
Processing by UsersController#index as HTML
  Rendering users/index.html.erb within layouts/application
  [1m[36mUser Load (0.2ms)[0m  [1m[34mSELECT "users".* FROM "users"[0m
  Rendered users/index.html.erb within layouts/application (2.3ms)
Completed 200 OK in 32ms (Views: 30.4ms | ActiveRecord: 0.2ms)


  [1m[35m (8.7ms)[0m  [1m[34mSELECT "schema_migrations"."version" FROM "schema_migrations" ORDER BY "schema_migrations"."version" ASC[0m
  [1m[36mActiveRecord::InternalMetadata Load (0.2ms)[0m  [1m[34mSELECT  "ar_internal_metadata".* FROM "ar_internal_metadata" WHERE "ar_internal_metadata"."key" = ? LIMIT ?[0m  [["key", "environment"], ["LIMIT", 1]]
  [1m[35m (0.1ms)[0m  [1m[36mbegin transaction[0m
  [1m[35m (0.1ms)[0m  [1m[36mcommit transaction[0m
  [1m[35m (0.1ms)[0m  [1m[34mSELECT "schema_migrations"."version" FROM "schema_migrations" ORDER BY "schema_migrations"."version" ASC[0m
  [1m[35m (0.2ms)[0m  [1m[34mSELECT "schema_migrations"."version" FROM "schema_migrations" ORDER BY "schema_migrations"."version" ASC[0m
  [1m[36mActiveRecord::InternalMetadata Load (0.2ms)[0m  [1m[34mSELECT  "ar_internal_metadata".* FROM "ar_internal_metadata" WHERE "ar_internal_metadata"."key" = ? LIMIT ?[0m  [["key", "environment"], ["LIMIT", 1]]
  [1m[35m (0.1ms)[0m  [1m[36mbegin transaction[0m
  [1m[35m (0.1ms)[0m  [1m[36mcommit transaction[0m
  [1m[35m (0.1ms)[0m  [1m[34mSELECT "schema_migrations"."version" FROM "schema_migrations" ORDER BY "schema_migrations"."version" ASC[0m
  [1m[35m (0.2ms)[0m  [1m[34mSELECT "schema_migrations"."version" FROM "schema_migrations" ORDER BY "schema_migrations"."version" ASC[0m
  [1m[36mActiveRecord::InternalMetadata Load (0.2ms)[0m  [1m[34mSELECT  "ar_internal_metadata".* FROM "ar_internal_metadata" WHERE "ar_internal_metadata"."key" = ? LIMIT ?[0m  [["key", "environment"], ["LIMIT", 1]]
  [1m[35m (0.1ms)[0m  [1m[36mbegin transaction[0m
  [1m[35m (0.1ms)[0m  [1m[36mcommit transaction[0m
  [1m[35m (0.1ms)[0m  [1m[34mSELECT "schema_migrations"."version" FROM "schema_migrations" ORDER BY "schema_migrations"."version" ASC[0m
Started GET "/users" for 127.0.0.1 at 2017-06-26 11:29:19 +0700
Processing by UsersController#index as HTML
  Rendering users/index.html.erb within layouts/application
  [1m[36mUser Load (0.2ms)[0m  [1m[34mSELECT "users".* FROM "users"[0m
  Rendered users/index.html.erb within layouts/application (10.3ms)
Completed 200 OK in 35ms (Views: 30.3ms | ActiveRecord: 1.2ms)


Started DELETE "/users/3" for 127.0.0.1 at 2017-06-26 11:29:23 +0700
Processing by UsersController#destroy as HTML
  Parameters: {"authenticity_token"=>"TbgwOa2UI4/BByX5FXX4Y58s6YiuPjlhrhW03CDA0s+F4Gz9pXwfRCLPto8LAStQrKGbWDi6P8+l+1VfecR/Nw==", "id"=>"3"}
  [1m[36mUser Load (0.2ms)[0m  [1m[34mSELECT  "users".* FROM "users" WHERE "users"."id" = ? LIMIT ?[0m  [["id", 3], ["LIMIT", 1]]
  [1m[35m (0.1ms)[0m  [1m[36mbegin transaction[0m
  [1m[35mSQL (0.3ms)[0m  [1m[31mDELETE FROM "users" WHERE "users"."id" = ?[0m  [["id", 3]]
  [1m[35m (173.4ms)[0m  [1m[36mcommit transaction[0m
Redirected to http://localhost:3000/users
Completed 302 Found in 179ms (ActiveRecord: 174.0ms)


Started GET "/users" for 127.0.0.1 at 2017-06-26 11:29:23 +0700
Processing by UsersController#index as HTML
  Rendering users/index.html.erb within layouts/application
  [1m[36mUser Load (0.4ms)[0m  [1m[34mSELECT "users".* FROM "users"[0m
  Rendered users/index.html.erb within layouts/application (3.0ms)
Completed 200 OK in 38ms (Views: 36.6ms | ActiveRecord: 0.4ms)


Started GET "/users" for 127.0.0.1 at 2017-06-26 11:29:26 +0700
Processing by UsersController#index as HTML
  Rendering users/index.html.erb within layouts/application
  [1m[36mUser Load (0.2ms)[0m  [1m[34mSELECT "users".* FROM "users"[0m
  Rendered users/index.html.erb within layouts/application (2.0ms)
Completed 200 OK in 26ms (Views: 24.5ms | ActiveRecord: 0.2ms)


Started GET "/users" for 127.0.0.1 at 2017-06-26 11:30:03 +0700
Processing by UsersController#index as HTML
  Rendering users/index.html.erb within layouts/application
  [1m[36mUser Load (0.1ms)[0m  [1m[34mSELECT "users".* FROM "users"[0m
  Rendered users/index.html.erb within layouts/application (9.3ms)
Completed 200 OK in 37ms (Views: 32.2ms | ActiveRecord: 1.2ms)


Started GET "/users" for 127.0.0.1 at 2017-06-26 11:30:04 +0700
Processing by UsersController#index as HTML
  Rendering users/index.html.erb within layouts/application
  [1m[36mUser Load (0.2ms)[0m  [1m[34mSELECT "users".* FROM "users"[0m
  Rendered users/index.html.erb within layouts/application (2.0ms)
Completed 200 OK in 31ms (Views: 29.2ms | ActiveRecord: 0.2ms)


Started GET "/users" for 127.0.0.1 at 2017-06-26 11:30:06 +0700
Processing by UsersController#index as HTML
  Rendering users/index.html.erb within layouts/application
  [1m[36mUser Load (0.3ms)[0m  [1m[34mSELECT "users".* FROM "users"[0m
  Rendered users/index.html.erb within layouts/application (2.4ms)
Completed 200 OK in 36ms (Views: 34.9ms | ActiveRecord: 0.3ms)


Started GET "/users" for 127.0.0.1 at 2017-06-26 11:31:19 +0700
Processing by UsersController#index as HTML
  Rendering users/index.html.erb within layouts/application
  [1m[36mUser Load (0.2ms)[0m  [1m[34mSELECT "users".* FROM "users"[0m
  Rendered users/index.html.erb within layouts/application (2.0ms)
Completed 200 OK in 25ms (Views: 23.9ms | ActiveRecord: 0.2ms)


Started GET "/users/new" for 127.0.0.1 at 2017-06-26 11:31:21 +0700
Processing by UsersController#new as HTML
  Rendering users/new.html.erb within layouts/application
  Rendered users/_form.html.erb (3.2ms) [cache miss]
  Rendered users/new.html.erb within layouts/application (5.4ms)
Completed 200 OK in 30ms (Views: 29.2ms | ActiveRecord: 0.0ms)


Started POST "/users" for 127.0.0.1 at 2017-06-26 11:31:28 +0700
Processing by UsersController#create as HTML
  Parameters: {"utf8"=>"✓", "authenticity_token"=>"TlwZoqENlLEH6h8UqvKYLZ9/KKiMLTUXI3wFaDqxNgBq1LA5N3nOSJiFjPgnTIrhDumuuY/4xaTr/7IPlkFIog==", "user"=>{"name"=>"jkjkj", "email"=>"khlkhhkl"}, "commit"=>"Create User"}
  [1m[35m (0.1ms)[0m  [1m[36mbegin transaction[0m
  [1m[35mSQL (0.3ms)[0m  [1m[32mINSERT INTO "users" ("name", "email", "created_at", "updated_at") VALUES (?, ?, ?, ?)[0m  [["name", "jkjkj"], ["email", "khlkhhkl"], ["created_at", "2017-06-26 04:31:28.350774"], ["updated_at", "2017-06-26 04:31:28.350774"]]
  [1m[35m (241.7ms)[0m  [1m[36mcommit transaction[0m
Redirected to http://localhost:3000/users/4
Completed 302 Found in 247ms (ActiveRecord: 242.1ms)


Started GET "/users/4" for 127.0.0.1 at 2017-06-26 11:31:28 +0700
Processing by UsersController#show as HTML
  Parameters: {"id"=>"4"}
  [1m[36mUser Load (0.3ms)[0m  [1m[34mSELECT  "users".* FROM "users" WHERE "users"."id" = ? LIMIT ?[0m  [["id", 4], ["LIMIT", 1]]
  Rendering users/show.html.erb within layouts/application
  Rendered users/show.html.erb within layouts/application (0.8ms)
Completed 200 OK in 24ms (Views: 20.6ms | ActiveRecord: 0.3ms)


Started GET "/users" for 127.0.0.1 at 2017-06-26 11:31:32 +0700
Processing by UsersController#index as HTML
  Rendering users/index.html.erb within layouts/application
  [1m[36mUser Load (0.2ms)[0m  [1m[34mSELECT "users".* FROM "users"[0m
  Rendered users/index.html.erb within layouts/application (2.5ms)
Completed 200 OK in 27ms (Views: 25.4ms | ActiveRecord: 0.2ms)


Started GET "/users/new" for 127.0.0.1 at 2017-06-26 11:31:33 +0700
Processing by UsersController#new as HTML
  Rendering users/new.html.erb within layouts/application
  Rendered users/_form.html.erb (13.1ms) [cache miss]
  Rendered users/new.html.erb within layouts/application (15.3ms)
Completed 200 OK in 44ms (Views: 42.0ms | ActiveRecord: 0.0ms)


Started POST "/users" for 127.0.0.1 at 2017-06-26 11:31:40 +0700
Processing by UsersController#create as HTML
  Parameters: {"utf8"=>"✓", "authenticity_token"=>"01FHX5tThfDh2qOYJGMkzqsBa9X4Av2TAxtFRC/VVuD32e7EDSffCX61MHSp3TYCOpftxPvXDSDLmPIjgyUoQg==", "user"=>{"name"=>"klkjlajl;jl;ajl", "email"=>"sadfadadf"}, "commit"=>"Create User"}
  [1m[35m (0.1ms)[0m  [1m[36mbegin transaction[0m
  [1m[35mSQL (0.4ms)[0m  [1m[32mINSERT INTO "users" ("name", "email", "created_at", "updated_at") VALUES (?, ?, ?, ?)[0m  [["name", "klkjlajl;jl;ajl"], ["email", "sadfadadf"], ["created_at", "2017-06-26 04:31:40.542598"], ["updated_at", "2017-06-26 04:31:40.542598"]]
  [1m[35m (154.6ms)[0m  [1m[36mcommit transaction[0m
Redirected to http://localhost:3000/users/5
Completed 302 Found in 160ms (ActiveRecord: 155.1ms)


Started GET "/users/5" for 127.0.0.1 at 2017-06-26 11:31:40 +0700
Processing by UsersController#show as HTML
  Parameters: {"id"=>"5"}
  [1m[36mUser Load (0.1ms)[0m  [1m[34mSELECT  "users".* FROM "users" WHERE "users"."id" = ? LIMIT ?[0m  [["id", 5], ["LIMIT", 1]]
  Rendering users/show.html.erb within layouts/application
  Rendered users/show.html.erb within layouts/application (1.7ms)
Completed 200 OK in 27ms (Views: 25.6ms | ActiveRecord: 0.1ms)


Started GET "/users" for 127.0.0.1 at 2017-06-26 11:31:42 +0700
Processing by UsersController#index as HTML
  Rendering users/index.html.erb within layouts/application
  [1m[36mUser Load (0.2ms)[0m  [1m[34mSELECT "users".* FROM "users"[0m
  Rendered users/index.html.erb within layouts/application (2.6ms)
Completed 200 OK in 32ms (Views: 29.7ms | ActiveRecord: 0.2ms)


Started GET "/users/4" for 127.0.0.1 at 2017-06-26 11:31:44 +0700
Processing by UsersController#show as HTML
  Parameters: {"id"=>"4"}
  [1m[36mUser Load (0.1ms)[0m  [1m[34mSELECT  "users".* FROM "users" WHERE "users"."id" = ? LIMIT ?[0m  [["id", 4], ["LIMIT", 1]]
  Rendering users/show.html.erb within layouts/application
  Rendered users/show.html.erb within layouts/application (0.9ms)
Completed 200 OK in 25ms (Views: 23.5ms | ActiveRecord: 0.1ms)


Started GET "/users/4/edit" for 127.0.0.1 at 2017-06-26 11:31:47 +0700
Processing by UsersController#edit as HTML
  Parameters: {"id"=>"4"}
  [1m[36mUser Load (0.2ms)[0m  [1m[34mSELECT  "users".* FROM "users" WHERE "users"."id" = ? LIMIT ?[0m  [["id", 4], ["LIMIT", 1]]
  Rendering users/edit.html.erb within layouts/application
  Rendered users/_form.html.erb (2.9ms) [cache miss]
  Rendered users/edit.html.erb within layouts/application (4.6ms)
Completed 200 OK in 41ms (Views: 38.1ms | ActiveRecord: 0.2ms)


Started GET "/users" for 127.0.0.1 at 2017-06-26 11:31:48 +0700
Processing by UsersController#index as HTML
  Rendering users/index.html.erb within layouts/application
  [1m[36mUser Load (0.3ms)[0m  [1m[34mSELECT "users".* FROM "users"[0m
  Rendered users/index.html.erb within layouts/application (2.5ms)
Completed 200 OK in 31ms (Views: 28.9ms | ActiveRecord: 0.3ms)


Started DELETE "/users/4" for 127.0.0.1 at 2017-06-26 11:31:51 +0700
Processing by UsersController#destroy as HTML
  Parameters: {"authenticity_token"=>"Oz2GNoVg0WaTbPcEWISTRsneVPixqDBi4bveuwtFaYjzZdryjYjtrXCkZHJG8EB1+lMmKCcsNszqVT84UkHEcA==", "id"=>"4"}
  [1m[36mUser Load (0.1ms)[0m  [1m[34mSELECT  "users".* FROM "users" WHERE "users"."id" = ? LIMIT ?[0m  [["id", 4], ["LIMIT", 1]]
  [1m[35m (0.1ms)[0m  [1m[36mbegin transaction[0m
  [1m[35mSQL (0.3ms)[0m  [1m[31mDELETE FROM "users" WHERE "users"."id" = ?[0m  [["id", 4]]
  [1m[35m (137.8ms)[0m  [1m[36mcommit transaction[0m
Redirected to http://localhost:3000/users
Completed 302 Found in 142ms (ActiveRecord: 138.4ms)


Started GET "/users" for 127.0.0.1 at 2017-06-26 11:31:51 +0700
Processing by UsersController#index as HTML
  Rendering users/index.html.erb within layouts/application
  [1m[36mUser Load (0.2ms)[0m  [1m[34mSELECT "users".* FROM "users"[0m
  Rendered users/index.html.erb within layouts/application (2.2ms)
Completed 200 OK in 36ms (Views: 35.1ms | ActiveRecord: 0.2ms)


Started DELETE "/users/5" for 127.0.0.1 at 2017-06-26 11:31:53 +0700
Processing by UsersController#destroy as HTML
  Parameters: {"authenticity_token"=>"dZNQgXrpY+IC1WfBBry2ee83NbNZDt+YQFqTx8lH2WC9ywxFcgFfKeEd9LcYyGVK3LpHY8+K2TZLtHJEkEN0mA==", "id"=>"5"}
  [1m[36mUser Load (0.1ms)[0m  [1m[34mSELECT  "users".* FROM "users" WHERE "users"."id" = ? LIMIT ?[0m  [["id", 5], ["LIMIT", 1]]
  [1m[35m (0.1ms)[0m  [1m[36mbegin transaction[0m
  [1m[35mSQL (0.3ms)[0m  [1m[31mDELETE FROM "users" WHERE "users"."id" = ?[0m  [["id", 5]]
  [1m[35m (135.9ms)[0m  [1m[36mcommit transaction[0m
Redirected to http://localhost:3000/users
Completed 302 Found in 142ms (ActiveRecord: 136.4ms)


Started GET "/users" for 127.0.0.1 at 2017-06-26 11:31:53 +0700
Processing by UsersController#index as HTML
  Rendering users/index.html.erb within layouts/application
  [1m[36mUser Load (0.4ms)[0m  [1m[34mSELECT "users".* FROM "users"[0m
  Rendered users/index.html.erb within layouts/application (3.2ms)
Completed 200 OK in 26ms (Views: 25.0ms | ActiveRecord: 0.4ms)


Started GET "/users" for 127.0.0.1 at 2017-06-26 11:31:57 +0700
Processing by UsersController#index as HTML
  Rendering users/index.html.erb within layouts/application
  [1m[36mUser Load (0.2ms)[0m  [1m[34mSELECT "users".* FROM "users"[0m
  Rendered users/index.html.erb within layouts/application (2.1ms)
Completed 200 OK in 27ms (Views: 26.2ms | ActiveRecord: 0.2ms)


Started GET "/microposts" for 127.0.0.1 at 2017-06-26 11:33:00 +0700
Processing by MicropostsController#index as HTML
  Rendering microposts/index.html.erb within layouts/application
  [1m[36mMicropost Load (0.2ms)[0m  [1m[34mSELECT "microposts".* FROM "microposts"[0m
  Rendered microposts/index.html.erb within layouts/application (2.7ms)
Completed 200 OK in 32ms (Views: 25.0ms | ActiveRecord: 0.5ms)


Started GET "/microposts/new" for 127.0.0.1 at 2017-06-26 11:33:05 +0700
Processing by MicropostsController#new as HTML
  Rendering microposts/new.html.erb within layouts/application
  Rendered microposts/_form.html.erb (68.6ms) [cache miss]
  Rendered microposts/new.html.erb within layouts/application (70.6ms)
Completed 200 OK in 111ms (Views: 98.5ms | ActiveRecord: 0.6ms)


Started POST "/microposts" for 127.0.0.1 at 2017-06-26 11:33:15 +0700
Processing by MicropostsController#create as HTML
  Parameters: {"utf8"=>"✓", "authenticity_token"=>"9HAE6D75z9qzv22FCOv5arKyZOjLYpSa9prYmayt+JW2+OiVs5QTqtLGTuOjIHuks9IV0zN0OIT3aI41P5GfsQ==", "micropost"=>{"content"=>"jljl;kjj;j", "user_id"=>"3"}, "commit"=>"Create Micropost"}
  [1m[35m (0.1ms)[0m  [1m[36mbegin transaction[0m
  [1m[35mSQL (0.9ms)[0m  [1m[32mINSERT INTO "microposts" ("content", "user_id", "created_at", "updated_at") VALUES (?, ?, ?, ?)[0m  [["content", "jljl;kjj;j"], ["user_id", 3], ["created_at", "2017-06-26 04:33:15.740119"], ["updated_at", "2017-06-26 04:33:15.740119"]]
  [1m[35m (114.2ms)[0m  [1m[36mcommit transaction[0m
Redirected to http://localhost:3000/microposts/1
Completed 302 Found in 121ms (ActiveRecord: 115.2ms)


Started GET "/microposts/1" for 127.0.0.1 at 2017-06-26 11:33:15 +0700
Processing by MicropostsController#show as HTML
  Parameters: {"id"=>"1"}
  [1m[36mMicropost Load (0.3ms)[0m  [1m[34mSELECT  "microposts".* FROM "microposts" WHERE "microposts"."id" = ? LIMIT ?[0m  [["id", 1], ["LIMIT", 1]]
  Rendering microposts/show.html.erb within layouts/application
  Rendered microposts/show.html.erb within layouts/application (0.9ms)
Completed 200 OK in 34ms (Views: 31.1ms | ActiveRecord: 0.3ms)


Started GET "/microposts" for 127.0.0.1 at 2017-06-26 11:33:19 +0700
Processing by MicropostsController#index as HTML
  Rendering microposts/index.html.erb within layouts/application
  [1m[36mMicropost Load (0.3ms)[0m  [1m[34mSELECT "microposts".* FROM "microposts"[0m
  Rendered microposts/index.html.erb within layouts/application (2.6ms)
Completed 200 OK in 33ms (Views: 31.4ms | ActiveRecord: 0.3ms)


Started GET "/microposts/new" for 127.0.0.1 at 2017-06-26 11:33:23 +0700
Processing by MicropostsController#new as HTML
  Rendering microposts/new.html.erb within layouts/application
  Rendered microposts/_form.html.erb (2.4ms) [cache miss]
  Rendered microposts/new.html.erb within layouts/application (3.9ms)
Completed 200 OK in 29ms (Views: 27.6ms | ActiveRecord: 0.0ms)


Started GET "/microposts" for 127.0.0.1 at 2017-06-26 11:34:26 +0700
Processing by MicropostsController#index as HTML
  Rendering microposts/index.html.erb within layouts/application
  [1m[36mMicropost Load (0.1ms)[0m  [1m[34mSELECT "microposts".* FROM "microposts"[0m
  Rendered microposts/index.html.erb within layouts/application (10.0ms)
Completed 200 OK in 38ms (Views: 31.4ms | ActiveRecord: 1.2ms)


Started GET "/microposts" for 127.0.0.1 at 2017-06-26 11:34:29 +0700
Processing by MicropostsController#index as HTML
  Rendering microposts/index.html.erb within layouts/application
  [1m[36mMicropost Load (0.3ms)[0m  [1m[34mSELECT "microposts".* FROM "microposts"[0m
  Rendered microposts/index.html.erb within layouts/application (3.0ms)
Completed 200 OK in 29ms (Views: 27.2ms | ActiveRecord: 0.3ms)


Started GET "/microposts/new" for 127.0.0.1 at 2017-06-26 11:34:32 +0700
Processing by MicropostsController#new as HTML
  Rendering microposts/new.html.erb within layouts/application
  Rendered microposts/_form.html.erb (3.5ms) [cache miss]
  Rendered microposts/new.html.erb within layouts/application (4.9ms)
Completed 200 OK in 36ms (Views: 34.5ms | ActiveRecord: 0.0ms)


Started POST "/microposts" for 127.0.0.1 at 2017-06-26 11:34:44 +0700
Processing by MicropostsController#create as HTML
  Parameters: {"utf8"=>"✓", "authenticity_token"=>"X+82MajyJ3ZJl5F/pf7pSYmjBHG1vsztMTvJ8EFT4UYdZ9pMJZ/7BijushkONWuHiMN1Sk2oYPMwyZ9c0m+GYg==", "micropost"=>{"content"=>"sdasfaf", "user_id"=>"2"}, "commit"=>"Create Micropost"}
  [1m[35m (0.1ms)[0m  [1m[36mbegin transaction[0m
  [1m[35mSQL (0.4ms)[0m  [1m[32mINSERT INTO "microposts" ("content", "user_id", "created_at", "updated_at") VALUES (?, ?, ?, ?)[0m  [["content", "sdasfaf"], ["user_id", 2], ["created_at", "2017-06-26 04:34:44.289883"], ["updated_at", "2017-06-26 04:34:44.289883"]]
  [1m[35m (87.2ms)[0m  [1m[36mcommit transaction[0m
Redirected to http://localhost:3000/microposts/2
Completed 302 Found in 93ms (ActiveRecord: 87.7ms)


Started GET "/microposts/2" for 127.0.0.1 at 2017-06-26 11:34:44 +0700
Processing by MicropostsController#show as HTML
  Parameters: {"id"=>"2"}
  [1m[36mMicropost Load (0.2ms)[0m  [1m[34mSELECT  "microposts".* FROM "microposts" WHERE "microposts"."id" = ? LIMIT ?[0m  [["id", 2], ["LIMIT", 1]]
  Rendering microposts/show.html.erb within layouts/application
  Rendered microposts/show.html.erb within layouts/application (1.0ms)
Completed 200 OK in 26ms (Views: 23.1ms | ActiveRecord: 0.2ms)


Started GET "/microposts" for 127.0.0.1 at 2017-06-26 11:34:46 +0700
Processing by MicropostsController#index as HTML
  Rendering microposts/index.html.erb within layouts/application
  [1m[36mMicropost Load (0.3ms)[0m  [1m[34mSELECT "microposts".* FROM "microposts"[0m
  Rendered microposts/index.html.erb within layouts/application (3.4ms)
Completed 200 OK in 36ms (Views: 34.2ms | ActiveRecord: 0.3ms)


Started GET "/microposts" for 127.0.0.1 at 2017-06-26 11:36:04 +0700
Processing by MicropostsController#index as HTML
  Rendering microposts/index.html.erb within layouts/application
  [1m[36mMicropost Load (0.2ms)[0m  [1m[34mSELECT "microposts".* FROM "microposts"[0m
  Rendered microposts/index.html.erb within layouts/application (13.6ms)
Completed 200 OK in 64ms (Views: 35.7ms | ActiveRecord: 1.7ms)


Started GET "/users" for 127.0.0.1 at 2017-06-26 11:36:10 +0700
Processing by UsersController#index as HTML
  Rendering users/index.html.erb within layouts/application
  [1m[36mUser Load (0.2ms)[0m  [1m[34mSELECT "users".* FROM "users"[0m
  Rendered users/index.html.erb within layouts/application (20.0ms)
Completed 200 OK in 54ms (Views: 43.4ms | ActiveRecord: 0.8ms)


Started GET "/microposts" for 127.0.0.1 at 2017-06-26 11:36:19 +0700
Processing by MicropostsController#index as HTML
  Rendering microposts/index.html.erb within layouts/application
  [1m[36mMicropost Load (0.2ms)[0m  [1m[34mSELECT "microposts".* FROM "microposts"[0m
  Rendered microposts/index.html.erb within layouts/application (2.4ms)
Completed 200 OK in 28ms (Views: 25.6ms | ActiveRecord: 0.2ms)


  [1m[36mUser Load (0.2ms)[0m  [1m[34mSELECT  "users".* FROM "users" ORDER BY "users"."id" ASC LIMIT ?[0m  [["LIMIT", 1]]
Started GET "/users" for 127.0.0.1 at 2017-06-26 11:37:53 +0700
Processing by UsersController#index as HTML
  Rendering users/index.html.erb within layouts/application
  [1m[36mUser Load (0.3ms)[0m  [1m[34mSELECT "users".* FROM "users"[0m
  Rendered users/index.html.erb within layouts/application (3.8ms)
Completed 200 OK in 38ms (Views: 35.4ms | ActiveRecord: 0.3ms)


Started GET "/users/new" for 127.0.0.1 at 2017-06-26 11:37:55 +0700
Processing by UsersController#new as HTML
  Rendering users/new.html.erb within layouts/application
  Rendered users/_form.html.erb (3.7ms) [cache miss]
  Rendered users/new.html.erb within layouts/application (5.4ms)
Completed 200 OK in 35ms (Views: 33.2ms | ActiveRecord: 0.0ms)


Started POST "/users" for 127.0.0.1 at 2017-06-26 11:38:27 +0700
Processing by UsersController#create as HTML
  Parameters: {"utf8"=>"✓", "authenticity_token"=>"CskOTpAE1lSCXX4ozMMZzcRdJMtwQI5KO+ZneX2Mh8guQafVBnCMrR0y7cRBfQsBVcui2nOVfvnzZdAe0Xz5ag==", "user"=>{"name"=>"Michel", "email"=>"michel@gmail.com"}, "commit"=>"Create User"}
  [1m[35m (0.1ms)[0m  [1m[36mbegin transaction[0m
  [1m[35mSQL (0.5ms)[0m  [1m[32mINSERT INTO "users" ("name", "email", "created_at", "updated_at") VALUES (?, ?, ?, ?)[0m  [["name", "Michel"], ["email", "michel@gmail.com"], ["created_at", "2017-06-26 04:38:27.482368"], ["updated_at", "2017-06-26 04:38:27.482368"]]
  [1m[35m (262.3ms)[0m  [1m[36mcommit transaction[0m
Redirected to http://localhost:3000/users/6
Completed 302 Found in 272ms (ActiveRecord: 262.8ms)


Started GET "/users/6" for 127.0.0.1 at 2017-06-26 11:38:27 +0700
Processing by UsersController#show as HTML
  Parameters: {"id"=>"6"}
  [1m[36mUser Load (0.2ms)[0m  [1m[34mSELECT  "users".* FROM "users" WHERE "users"."id" = ? LIMIT ?[0m  [["id", 6], ["LIMIT", 1]]
  Rendering users/show.html.erb within layouts/application
  Rendered users/show.html.erb within layouts/application (0.8ms)
Completed 200 OK in 25ms (Views: 22.7ms | ActiveRecord: 0.2ms)


Started GET "/users" for 127.0.0.1 at 2017-06-26 11:38:29 +0700
Processing by UsersController#index as HTML
  Rendering users/index.html.erb within layouts/application
  [1m[36mUser Load (0.3ms)[0m  [1m[34mSELECT "users".* FROM "users"[0m
  Rendered users/index.html.erb within layouts/application (3.6ms)
Completed 200 OK in 39ms (Views: 37.5ms | ActiveRecord: 0.3ms)


Started GET "/users/new" for 127.0.0.1 at 2017-06-26 11:38:31 +0700
Processing by UsersController#new as HTML
  Rendering users/new.html.erb within layouts/application
  Rendered users/_form.html.erb (11.1ms) [cache miss]
  Rendered users/new.html.erb within layouts/application (12.7ms)
Completed 200 OK in 37ms (Views: 35.8ms | ActiveRecord: 0.0ms)


Started POST "/users" for 127.0.0.1 at 2017-06-26 11:38:44 +0700
Processing by UsersController#create as HTML
  Parameters: {"utf8"=>"✓", "authenticity_token"=>"Owe1DXinuu4LzFQZ9QsFjY7x5VZBsgl9U02Dxd0AI4AfjxyW7tPgF5Sjx/V4tRdBH2djR0Jn+c6bzjSicfBdIg==", "user"=>{"name"=>"Foo bar", "email"=>"foobar@gmail.com"}, "commit"=>"Create User"}
  [1m[35m (0.1ms)[0m  [1m[36mbegin transaction[0m
  [1m[35mSQL (1.5ms)[0m  [1m[32mINSERT INTO "users" ("name", "email", "created_at", "updated_at") VALUES (?, ?, ?, ?)[0m  [["name", "Foo bar"], ["email", "foobar@gmail.com"], ["created_at", "2017-06-26 04:38:44.746049"], ["updated_at", "2017-06-26 04:38:44.746049"]]
  [1m[35m (145.6ms)[0m  [1m[36mcommit transaction[0m
Redirected to http://localhost:3000/users/7
Completed 302 Found in 152ms (ActiveRecord: 147.2ms)


Started GET "/users/7" for 127.0.0.1 at 2017-06-26 11:38:44 +0700
Processing by UsersController#show as HTML
  Parameters: {"id"=>"7"}
  [1m[36mUser Load (0.2ms)[0m  [1m[34mSELECT  "users".* FROM "users" WHERE "users"."id" = ? LIMIT ?[0m  [["id", 7], ["LIMIT", 1]]
  Rendering users/show.html.erb within layouts/application
  Rendered users/show.html.erb within layouts/application (1.1ms)
Completed 200 OK in 30ms (Views: 26.7ms | ActiveRecord: 0.2ms)


Started GET "/users" for 127.0.0.1 at 2017-06-26 11:38:46 +0700
Processing by UsersController#index as HTML
  Rendering users/index.html.erb within layouts/application
  [1m[36mUser Load (0.3ms)[0m  [1m[34mSELECT "users".* FROM "users"[0m
  Rendered users/index.html.erb within layouts/application (3.9ms)
Completed 200 OK in 41ms (Views: 38.9ms | ActiveRecord: 0.3ms)


Started GET "/microposts" for 127.0.0.1 at 2017-06-26 11:38:52 +0700
Processing by MicropostsController#index as HTML
  Rendering microposts/index.html.erb within layouts/application
  [1m[36mMicropost Load (0.3ms)[0m  [1m[34mSELECT "microposts".* FROM "microposts"[0m
  Rendered microposts/index.html.erb within layouts/application (3.5ms)
Completed 200 OK in 32ms (Views: 29.9ms | ActiveRecord: 0.3ms)


Started DELETE "/microposts/1" for 127.0.0.1 at 2017-06-26 11:38:56 +0700
Processing by MicropostsController#destroy as HTML
  Parameters: {"authenticity_token"=>"tN2Bowyliq7gMg5S4N4xoEJbfWZfWwUNrTvtJwc729F8hd1nBE22ZQP6nST+quKTcdYPtsnfA6Om1QykXj92KQ==", "id"=>"1"}
  [1m[36mMicropost Load (0.4ms)[0m  [1m[34mSELECT  "microposts".* FROM "microposts" WHERE "microposts"."id" = ? LIMIT ?[0m  [["id", 1], ["LIMIT", 1]]
  [1m[35m (0.1ms)[0m  [1m[36mbegin transaction[0m
  [1m[35mSQL (1.1ms)[0m  [1m[31mDELETE FROM "microposts" WHERE "microposts"."id" = ?[0m  [["id", 1]]
  [1m[35m (198.3ms)[0m  [1m[36mcommit transaction[0m
Redirected to http://localhost:3000/microposts
Completed 302 Found in 207ms (ActiveRecord: 199.9ms)


Started GET "/microposts" for 127.0.0.1 at 2017-06-26 11:38:56 +0700
Processing by MicropostsController#index as HTML
  Rendering microposts/index.html.erb within layouts/application
  [1m[36mMicropost Load (0.2ms)[0m  [1m[34mSELECT "microposts".* FROM "microposts"[0m
  Rendered microposts/index.html.erb within layouts/application (2.4ms)
Completed 200 OK in 29ms (Views: 27.6ms | ActiveRecord: 0.2ms)


Started DELETE "/microposts/2" for 127.0.0.1 at 2017-06-26 11:38:58 +0700
Processing by MicropostsController#destroy as HTML
  Parameters: {"authenticity_token"=>"mTWDGs+NPCpFU5BhQ3J3roIdS6PMrLtzg6FDLpwe7VVRbd/ex2UA4aabAxddBqSdsZA5c1oovd2IT6KtxRpArQ==", "id"=>"2"}
  [1m[36mMicropost Load (0.2ms)[0m  [1m[34mSELECT  "microposts".* FROM "microposts" WHERE "microposts"."id" = ? LIMIT ?[0m  [["id", 2], ["LIMIT", 1]]
  [1m[35m (0.1ms)[0m  [1m[36mbegin transaction[0m
  [1m[35mSQL (0.5ms)[0m  [1m[31mDELETE FROM "microposts" WHERE "microposts"."id" = ?[0m  [["id", 2]]
  [1m[35m (216.2ms)[0m  [1m[36mcommit transaction[0m
Redirected to http://localhost:3000/microposts
Completed 302 Found in 221ms (ActiveRecord: 217.0ms)


Started GET "/microposts" for 127.0.0.1 at 2017-06-26 11:38:58 +0700
Processing by MicropostsController#index as HTML
  Rendering microposts/index.html.erb within layouts/application
  [1m[36mMicropost Load (0.2ms)[0m  [1m[34mSELECT "microposts".* FROM "microposts"[0m
  Rendered microposts/index.html.erb within layouts/application (1.9ms)
Completed 200 OK in 36ms (Views: 34.1ms | ActiveRecord: 0.2ms)


Started GET "/microposts/new" for 127.0.0.1 at 2017-06-26 11:39:16 +0700
Processing by MicropostsController#new as HTML
  Rendering microposts/new.html.erb within layouts/application
  Rendered microposts/_form.html.erb (2.8ms) [cache miss]
  Rendered microposts/new.html.erb within layouts/application (4.4ms)
Completed 200 OK in 30ms (Views: 29.0ms | ActiveRecord: 0.0ms)


Started POST "/microposts" for 127.0.0.1 at 2017-06-26 11:39:27 +0700
Processing by MicropostsController#create as HTML
  Parameters: {"utf8"=>"✓", "authenticity_token"=>"AYbUt8H7bJZKoUKHFr94lzBnEuIJn/rW2X/IsHUGN61DDjjKTJaw5ivYYeG9dPpZMQdj2fGJVsjYjZ4c5jpQiQ==", "micropost"=>{"content"=>"First post", "user_id"=>"1"}, "commit"=>"Create Micropost"}
  [1m[35m (0.1ms)[0m  [1m[36mbegin transaction[0m
  [1m[36mUser Load (0.2ms)[0m  [1m[34mSELECT  "users".* FROM "users" WHERE "users"."id" = ? LIMIT ?[0m  [["id", 1], ["LIMIT", 1]]
  [1m[35mSQL (0.4ms)[0m  [1m[32mINSERT INTO "microposts" ("content", "user_id", "created_at", "updated_at") VALUES (?, ?, ?, ?)[0m  [["content", "First post"], ["user_id", 1], ["created_at", "2017-06-26 04:39:27.842669"], ["updated_at", "2017-06-26 04:39:27.842669"]]
  [1m[35m (78.2ms)[0m  [1m[36mcommit transaction[0m
Redirected to http://localhost:3000/microposts/3
Completed 302 Found in 120ms (ActiveRecord: 78.9ms)


Started GET "/microposts/3" for 127.0.0.1 at 2017-06-26 11:39:27 +0700
Processing by MicropostsController#show as HTML
  Parameters: {"id"=>"3"}
  [1m[36mMicropost Load (0.1ms)[0m  [1m[34mSELECT  "microposts".* FROM "microposts" WHERE "microposts"."id" = ? LIMIT ?[0m  [["id", 3], ["LIMIT", 1]]
  Rendering microposts/show.html.erb within layouts/application
  Rendered microposts/show.html.erb within layouts/application (1.1ms)
Completed 200 OK in 28ms (Views: 26.3ms | ActiveRecord: 0.1ms)


Started GET "/microposts" for 127.0.0.1 at 2017-06-26 11:39:30 +0700
Processing by MicropostsController#index as HTML
  Rendering microposts/index.html.erb within layouts/application
  [1m[36mMicropost Load (0.2ms)[0m  [1m[34mSELECT "microposts".* FROM "microposts"[0m
  Rendered microposts/index.html.erb within layouts/application (3.2ms)
Completed 200 OK in 57ms (Views: 54.8ms | ActiveRecord: 0.2ms)


Started GET "/microposts/new" for 127.0.0.1 at 2017-06-26 11:39:32 +0700
Processing by MicropostsController#new as HTML
  Rendering microposts/new.html.erb within layouts/application
  Rendered microposts/_form.html.erb (3.1ms) [cache miss]
  Rendered microposts/new.html.erb within layouts/application (5.1ms)
Completed 200 OK in 42ms (Views: 40.6ms | ActiveRecord: 0.0ms)


Started POST "/microposts" for 127.0.0.1 at 2017-06-26 11:39:43 +0700
Processing by MicropostsController#create as HTML
  Parameters: {"utf8"=>"✓", "authenticity_token"=>"5CUGEuyCRpA0mvXVzO+SCGUWjc3QetSSSRJ2G4AA5dOmrepvYe+a4FXj1rNnJBDGZHb89ihseIxI4CC3EzyC9w==", "micropost"=>{"content"=>"Second post", "user_id"=>"1"}, "commit"=>"Create Micropost"}
  [1m[35m (0.1ms)[0m  [1m[36mbegin transaction[0m
  [1m[36mUser Load (0.2ms)[0m  [1m[34mSELECT  "users".* FROM "users" WHERE "users"."id" = ? LIMIT ?[0m  [["id", 1], ["LIMIT", 1]]
  [1m[35mSQL (1.1ms)[0m  [1m[32mINSERT INTO "microposts" ("content", "user_id", "created_at", "updated_at") VALUES (?, ?, ?, ?)[0m  [["content", "Second post"], ["user_id", 1], ["created_at", "2017-06-26 04:39:43.319198"], ["updated_at", "2017-06-26 04:39:43.319198"]]
  [1m[35m (81.8ms)[0m  [1m[36mcommit transaction[0m
Redirected to http://localhost:3000/microposts/4
Completed 302 Found in 94ms (ActiveRecord: 83.2ms)


Started GET "/microposts/4" for 127.0.0.1 at 2017-06-26 11:39:43 +0700
Processing by MicropostsController#show as HTML
  Parameters: {"id"=>"4"}
  [1m[36mMicropost Load (0.2ms)[0m  [1m[34mSELECT  "microposts".* FROM "microposts" WHERE "microposts"."id" = ? LIMIT ?[0m  [["id", 4], ["LIMIT", 1]]
  Rendering microposts/show.html.erb within layouts/application
  Rendered microposts/show.html.erb within layouts/application (1.1ms)
Completed 200 OK in 49ms (Views: 45.8ms | ActiveRecord: 0.2ms)


Started GET "/microposts" for 127.0.0.1 at 2017-06-26 11:39:44 +0700
Processing by MicropostsController#index as HTML
  Rendering microposts/index.html.erb within layouts/application
  [1m[36mMicropost Load (0.2ms)[0m  [1m[34mSELECT "microposts".* FROM "microposts"[0m
  Rendered microposts/index.html.erb within layouts/application (2.3ms)
Completed 200 OK in 28ms (Views: 26.9ms | ActiveRecord: 0.2ms)


Started GET "/microposts/new" for 127.0.0.1 at 2017-06-26 11:39:46 +0700
Processing by MicropostsController#new as HTML
  Rendering microposts/new.html.erb within layouts/application
  Rendered microposts/_form.html.erb (2.4ms) [cache miss]
  Rendered microposts/new.html.erb within layouts/application (4.0ms)
Completed 200 OK in 27ms (Views: 26.0ms | ActiveRecord: 0.0ms)


Started POST "/microposts" for 127.0.0.1 at 2017-06-26 11:39:56 +0700
Processing by MicropostsController#create as HTML
  Parameters: {"utf8"=>"✓", "authenticity_token"=>"kU/8mnkzAlwgozRUW4a26G0xQuG2DHuIhXEK/c9Q0l/TxxDn9F7eLEHaFzLwTTQmbFEz2k4a15aEg1xRXGy1ew==", "micropost"=>{"content"=>"another post", "user_id"=>"2"}, "commit"=>"Create Micropost"}
  [1m[35m (0.1ms)[0m  [1m[36mbegin transaction[0m
  [1m[36mUser Load (0.1ms)[0m  [1m[34mSELECT  "users".* FROM "users" WHERE "users"."id" = ? LIMIT ?[0m  [["id", 2], ["LIMIT", 1]]
  [1m[35m (0.1ms)[0m  [1m[31mrollback transaction[0m
  Rendering microposts/new.html.erb within layouts/application
  Rendered microposts/_form.html.erb (2.6ms) [cache miss]
  Rendered microposts/new.html.erb within layouts/application (4.0ms)
Completed 200 OK in 36ms (Views: 32.4ms | ActiveRecord: 0.3ms)


Started POST "/microposts" for 127.0.0.1 at 2017-06-26 11:40:09 +0700
Processing by MicropostsController#create as HTML
  Parameters: {"utf8"=>"✓", "authenticity_token"=>"goU7eGb22MzfVe1GxgHvY5EGFyr0tUCemFVgW0sR5yVK3We8bh7kBzydfjDYdTxQootl+mIxRjCTu4HYEhVK3Q==", "micropost"=>{"content"=>"another post", "user_id"=>"2"}, "commit"=>"Create Micropost"}
  [1m[35m (0.1ms)[0m  [1m[36mbegin transaction[0m
  [1m[36mUser Load (0.1ms)[0m  [1m[34mSELECT  "users".* FROM "users" WHERE "users"."id" = ? LIMIT ?[0m  [["id", 2], ["LIMIT", 1]]
  [1m[35m (0.1ms)[0m  [1m[31mrollback transaction[0m
  Rendering microposts/new.html.erb within layouts/application
  Rendered microposts/_form.html.erb (2.6ms) [cache miss]
  Rendered microposts/new.html.erb within layouts/application (4.0ms)
Completed 200 OK in 33ms (Views: 28.7ms | ActiveRecord: 0.3ms)


Started POST "/microposts" for 127.0.0.1 at 2017-06-26 11:40:45 +0700
Processing by MicropostsController#create as HTML
  Parameters: {"utf8"=>"✓", "authenticity_token"=>"AyhaQy0c4d2f7k7g6yFhgsGUPmpc0SClA1nqDjZyerLLcAaHJfTdFnwm3Zb1VbKx8hlMuspVJgsItwuNb3bXSg==", "micropost"=>{"content"=>"another post", "user_id"=>"2"}, "commit"=>"Create Micropost"}
  [1m[35m (0.1ms)[0m  [1m[36mbegin transaction[0m
  [1m[36mUser Load (0.2ms)[0m  [1m[34mSELECT  "users".* FROM "users" WHERE "users"."id" = ? LIMIT ?[0m  [["id", 2], ["LIMIT", 1]]
  [1m[35m (0.1ms)[0m  [1m[31mrollback transaction[0m
  Rendering microposts/new.html.erb within layouts/application
  Rendered microposts/_form.html.erb (3.0ms) [cache miss]
  Rendered microposts/new.html.erb within layouts/application (4.3ms)
Completed 200 OK in 40ms (Views: 34.3ms | ActiveRecord: 0.4ms)


Started POST "/microposts" for 127.0.0.1 at 2017-06-26 11:40:46 +0700
Processing by MicropostsController#create as HTML
  Parameters: {"utf8"=>"✓", "authenticity_token"=>"C1UyxlAKiaGhLsjJw9jD10HrQK1/zECRtV4v+vozVHPDDW4CWOK1akLmW7/drBDkcmYyfelIRj++sM55ozf5iw==", "micropost"=>{"content"=>"another post", "user_id"=>"2"}, "commit"=>"Create Micropost"}
  [1m[35m (0.1ms)[0m  [1m[36mbegin transaction[0m
  [1m[36mUser Load (0.1ms)[0m  [1m[34mSELECT  "users".* FROM "users" WHERE "users"."id" = ? LIMIT ?[0m  [["id", 2], ["LIMIT", 1]]
  [1m[35m (0.1ms)[0m  [1m[31mrollback transaction[0m
  Rendering microposts/new.html.erb within layouts/application
  Rendered microposts/_form.html.erb (3.4ms) [cache miss]
  Rendered microposts/new.html.erb within layouts/application (5.0ms)
Completed 200 OK in 35ms (Views: 30.6ms | ActiveRecord: 0.3ms)


Started POST "/microposts" for 127.0.0.1 at 2017-06-26 11:40:46 +0700
Processing by MicropostsController#create as HTML
  Parameters: {"utf8"=>"✓", "authenticity_token"=>"2WqLtxAAnysFbTQV8I/JVU+vf9Ate2jgp5NMThRE3hgRMtdzGOij4Oalp2Pu+xpmfCINALv/bk6sfa3NTUBz4A==", "micropost"=>{"content"=>"another post", "user_id"=>"2"}, "commit"=>"Create Micropost"}
  [1m[35m (0.1ms)[0m  [1m[36mbegin transaction[0m
  [1m[36mUser Load (0.2ms)[0m  [1m[34mSELECT  "users".* FROM "users" WHERE "users"."id" = ? LIMIT ?[0m  [["id", 2], ["LIMIT", 1]]
  [1m[35m (0.1ms)[0m  [1m[31mrollback transaction[0m
  Rendering microposts/new.html.erb within layouts/application
  Rendered microposts/_form.html.erb (2.9ms) [cache miss]
  Rendered microposts/new.html.erb within layouts/application (4.3ms)
Completed 200 OK in 45ms (Views: 39.5ms | ActiveRecord: 0.4ms)


Started POST "/microposts" for 127.0.0.1 at 2017-06-26 11:40:49 +0700
Processing by MicropostsController#create as HTML
  Parameters: {"utf8"=>"✓", "authenticity_token"=>"T+I7XmnGHSN4U7x9kEfmC0OcSKeeviZG5IWF66DTgLWHumeaYS4h6JubLwuOMzU4cBE6dwg6IOjva2Ro+dctTQ==", "micropost"=>{"content"=>"another post", "user_id"=>"3"}, "commit"=>"Create Micropost"}
  [1m[35m (0.1ms)[0m  [1m[36mbegin transaction[0m
  [1m[36mUser Load (0.1ms)[0m  [1m[34mSELECT  "users".* FROM "users" WHERE "users"."id" = ? LIMIT ?[0m  [["id", 3], ["LIMIT", 1]]
  [1m[35m (0.1ms)[0m  [1m[31mrollback transaction[0m
  Rendering microposts/new.html.erb within layouts/application
  Rendered microposts/_form.html.erb (2.6ms) [cache miss]
  Rendered microposts/new.html.erb within layouts/application (4.0ms)
Completed 200 OK in 34ms (Views: 29.8ms | ActiveRecord: 0.3ms)


Started POST "/microposts" for 127.0.0.1 at 2017-06-26 11:40:50 +0700
Processing by MicropostsController#create as HTML
  Parameters: {"utf8"=>"✓", "authenticity_token"=>"vtOjBC8dQFXoaLXT70k2ojIxXhrG40c1QPQQldcnNRd2i//AJ/V8ngugJqXxPeWRAbwsylBnQZtLGvEWjiOY7w==", "micropost"=>{"content"=>"another post", "user_id"=>"3"}, "commit"=>"Create Micropost"}
  [1m[35m (0.1ms)[0m  [1m[36mbegin transaction[0m
  [1m[36mUser Load (0.2ms)[0m  [1m[34mSELECT  "users".* FROM "users" WHERE "users"."id" = ? LIMIT ?[0m  [["id", 3], ["LIMIT", 1]]
  [1m[35m (0.1ms)[0m  [1m[31mrollback transaction[0m
  Rendering microposts/new.html.erb within layouts/application
  Rendered microposts/_form.html.erb (4.3ms) [cache miss]
  Rendered microposts/new.html.erb within layouts/application (6.3ms)
Completed 200 OK in 35ms (Views: 29.6ms | ActiveRecord: 0.4ms)


Started POST "/microposts" for 127.0.0.1 at 2017-06-26 11:40:50 +0700
Processing by MicropostsController#create as HTML
  Parameters: {"utf8"=>"✓", "authenticity_token"=>"zEk60Lb6V3GwmpZSfwSHqjQ/KnsN8mmZGZh+RhgBUX4EEWYUvhJrulNSBSRhcFSZB7JYq5t2bzcSdp/FQQX8hg==", "micropost"=>{"content"=>"another post", "user_id"=>"3"}, "commit"=>"Create Micropost"}
  [1m[35m (0.1ms)[0m  [1m[36mbegin transaction[0m
  [1m[36mUser Load (0.2ms)[0m  [1m[34mSELECT  "users".* FROM "users" WHERE "users"."id" = ? LIMIT ?[0m  [["id", 3], ["LIMIT", 1]]
  [1m[35m (0.1ms)[0m  [1m[31mrollback transaction[0m
  Rendering microposts/new.html.erb within layouts/application
  Rendered microposts/_form.html.erb (4.4ms) [cache miss]
  Rendered microposts/new.html.erb within layouts/application (6.2ms)
Completed 200 OK in 36ms (Views: 30.1ms | ActiveRecord: 0.4ms)


Started POST "/microposts" for 127.0.0.1 at 2017-06-26 11:40:51 +0700
Processing by MicropostsController#create as HTML
  Parameters: {"utf8"=>"✓", "authenticity_token"=>"hUWOiMya7eJGJiiOk+r6AUW1/PQU6m8wBgHjwi3gByFNHdJMxHLRKaXuu/iNnikydjiOJIJuaZ4N7wJBdOSq2Q==", "micropost"=>{"content"=>"another post", "user_id"=>"3"}, "commit"=>"Create Micropost"}
  [1m[35m (0.1ms)[0m  [1m[36mbegin transaction[0m
  [1m[36mUser Load (0.2ms)[0m  [1m[34mSELECT  "users".* FROM "users" WHERE "users"."id" = ? LIMIT ?[0m  [["id", 3], ["LIMIT", 1]]
  [1m[35m (0.1ms)[0m  [1m[31mrollback transaction[0m
  Rendering microposts/new.html.erb within layouts/application
  Rendered microposts/_form.html.erb (4.2ms) [cache miss]
  Rendered microposts/new.html.erb within layouts/application (6.3ms)
Completed 200 OK in 36ms (Views: 31.3ms | ActiveRecord: 0.3ms)


Started POST "/microposts" for 127.0.0.1 at 2017-06-26 11:40:51 +0700
Processing by MicropostsController#create as HTML
  Parameters: {"utf8"=>"✓", "authenticity_token"=>"4kmVvQxB+mUElxUCEwzxOVAvD1faSeORkGJa7Nx1PQgqEcl5BKnGrudfhnQNeCIKY6J9h0zN5T+bjLtvhXGQ8A==", "micropost"=>{"content"=>"another post", "user_id"=>"3"}, "commit"=>"Create Micropost"}
  [1m[35m (0.1ms)[0m  [1m[36mbegin transaction[0m
  [1m[36mUser Load (0.1ms)[0m  [1m[34mSELECT  "users".* FROM "users" WHERE "users"."id" = ? LIMIT ?[0m  [["id", 3], ["LIMIT", 1]]
  [1m[35m (0.1ms)[0m  [1m[31mrollback transaction[0m
  Rendering microposts/new.html.erb within layouts/application
  Rendered microposts/_form.html.erb (2.8ms) [cache miss]
  Rendered microposts/new.html.erb within layouts/application (4.2ms)
Completed 200 OK in 32ms (Views: 27.7ms | ActiveRecord: 0.3ms)


Started GET "/microposts" for 127.0.0.1 at 2017-06-26 11:40:52 +0700
Processing by MicropostsController#index as HTML
  Rendering microposts/index.html.erb within layouts/application
  [1m[36mMicropost Load (0.3ms)[0m  [1m[34mSELECT "microposts".* FROM "microposts"[0m
  Rendered microposts/index.html.erb within layouts/application (3.2ms)
Completed 200 OK in 32ms (Views: 29.8ms | ActiveRecord: 0.3ms)


Started GET "/microposts/new" for 127.0.0.1 at 2017-06-26 11:40:57 +0700
Processing by MicropostsController#new as HTML
  Rendering microposts/new.html.erb within layouts/application
  Rendered microposts/_form.html.erb (2.8ms) [cache miss]
  Rendered microposts/new.html.erb within layouts/application (4.4ms)
Completed 200 OK in 40ms (Views: 38.5ms | ActiveRecord: 0.0ms)


Started POST "/microposts" for 127.0.0.1 at 2017-06-26 11:41:06 +0700
Processing by MicropostsController#create as HTML
  Parameters: {"utf8"=>"✓", "authenticity_token"=>"HQ3l7jUd6/JGOeaaHkUIX5QPhA1o1LE317JJZOCvbodfhQmTuHA3gidAxfy1joqRlW/1NpDCHSnWQB/Ic5MJow==", "micropost"=>{"content"=>"another post", "user_id"=>"2"}, "commit"=>"Create Micropost"}
  [1m[35m (0.1ms)[0m  [1m[36mbegin transaction[0m
  [1m[36mUser Load (0.1ms)[0m  [1m[34mSELECT  "users".* FROM "users" WHERE "users"."id" = ? LIMIT ?[0m  [["id", 2], ["LIMIT", 1]]
  [1m[35m (0.1ms)[0m  [1m[31mrollback transaction[0m
  Rendering microposts/new.html.erb within layouts/application
  Rendered microposts/_form.html.erb (2.5ms) [cache miss]
  Rendered microposts/new.html.erb within layouts/application (4.0ms)
Completed 200 OK in 30ms (Views: 25.6ms | ActiveRecord: 0.3ms)


Started POST "/microposts" for 127.0.0.1 at 2017-06-26 11:41:13 +0700
Processing by MicropostsController#create as HTML
  Parameters: {"utf8"=>"✓", "authenticity_token"=>"KT20y4cAfk2FiA8vsrCbLy/hHV05kpKBTDKyRl4u5WLhZegPj+hChmZAnFmsxEgcHGxvja8WlC9H3FPFBypImg==", "micropost"=>{"content"=>"another post", "user_id"=>"4"}, "commit"=>"Create Micropost"}
  [1m[35m (0.1ms)[0m  [1m[36mbegin transaction[0m
  [1m[36mUser Load (0.1ms)[0m  [1m[34mSELECT  "users".* FROM "users" WHERE "users"."id" = ? LIMIT ?[0m  [["id", 4], ["LIMIT", 1]]
  [1m[35m (0.1ms)[0m  [1m[31mrollback transaction[0m
  Rendering microposts/new.html.erb within layouts/application
  Rendered microposts/_form.html.erb (2.9ms) [cache miss]
  Rendered microposts/new.html.erb within layouts/application (4.3ms)
Completed 200 OK in 31ms (Views: 27.6ms | ActiveRecord: 0.3ms)


Started POST "/microposts" for 127.0.0.1 at 2017-06-26 11:41:14 +0700
Processing by MicropostsController#create as HTML
  Parameters: {"utf8"=>"✓", "authenticity_token"=>"MBSHEQ6BhKTavyfenApZsuv57Zqqsl4ZELBAUOyzgjP4TNvVBmm4bzl3tKiCfoqB2HSfSjw2WLcbXqHTtbcvyw==", "micropost"=>{"content"=>"another post", "user_id"=>"4"}, "commit"=>"Create Micropost"}
  [1m[35m (0.1ms)[0m  [1m[36mbegin transaction[0m
  [1m[36mUser Load (0.1ms)[0m  [1m[34mSELECT  "users".* FROM "users" WHERE "users"."id" = ? LIMIT ?[0m  [["id", 4], ["LIMIT", 1]]
  [1m[35m (0.1ms)[0m  [1m[31mrollback transaction[0m
  Rendering microposts/new.html.erb within layouts/application
  Rendered microposts/_form.html.erb (2.7ms) [cache miss]
  Rendered microposts/new.html.erb within layouts/application (4.1ms)
Completed 200 OK in 30ms (Views: 26.4ms | ActiveRecord: 0.3ms)


Started POST "/microposts" for 127.0.0.1 at 2017-06-26 11:41:14 +0700
Processing by MicropostsController#create as HTML
  Parameters: {"utf8"=>"✓", "authenticity_token"=>"6Wafc/qL3o5hqse5oRR7VYo4lMU224syOVGGRXAA090hPsO38mPiRYJiVM+/YKhmubXmFaBfjZwyv2fGKQR+JQ==", "micropost"=>{"content"=>"another post", "user_id"=>"4"}, "commit"=>"Create Micropost"}
  [1m[35m (0.1ms)[0m  [1m[36mbegin transaction[0m
  [1m[36mUser Load (0.1ms)[0m  [1m[34mSELECT  "users".* FROM "users" WHERE "users"."id" = ? LIMIT ?[0m  [["id", 4], ["LIMIT", 1]]
  [1m[35m (0.1ms)[0m  [1m[31mrollback transaction[0m
  Rendering microposts/new.html.erb within layouts/application
  Rendered microposts/_form.html.erb (3.2ms) [cache miss]
  Rendered microposts/new.html.erb within layouts/application (5.0ms)
Completed 200 OK in 31ms (Views: 26.9ms | ActiveRecord: 0.3ms)


Started POST "/microposts" for 127.0.0.1 at 2017-06-26 11:41:14 +0700
Processing by MicropostsController#create as HTML
  Parameters: {"utf8"=>"✓", "authenticity_token"=>"WcGpBRnAuBnMWNOv1oSVBIxWXb7qs5wnrr25mUhDPo6RmfXBESiE0i+QQNnI8EY3v9svbnw3momlU1gaEUeTdg==", "micropost"=>{"content"=>"another post", "user_id"=>"4"}, "commit"=>"Create Micropost"}
  [1m[35m (0.1ms)[0m  [1m[36mbegin transaction[0m
  [1m[36mUser Load (0.2ms)[0m  [1m[34mSELECT  "users".* FROM "users" WHERE "users"."id" = ? LIMIT ?[0m  [["id", 4], ["LIMIT", 1]]
  [1m[35m (0.1ms)[0m  [1m[31mrollback transaction[0m
  Rendering microposts/new.html.erb within layouts/application
  Rendered microposts/_form.html.erb (4.4ms) [cache miss]
  Rendered microposts/new.html.erb within layouts/application (6.2ms)
Completed 200 OK in 35ms (Views: 29.5ms | ActiveRecord: 0.4ms)


Started GET "/microposts" for 127.0.0.1 at 2017-06-26 11:41:16 +0700
Processing by MicropostsController#index as HTML
  Rendering microposts/index.html.erb within layouts/application
  [1m[36mMicropost Load (0.3ms)[0m  [1m[34mSELECT "microposts".* FROM "microposts"[0m
  Rendered microposts/index.html.erb within layouts/application (3.4ms)
Completed 200 OK in 34ms (Views: 32.0ms | ActiveRecord: 0.3ms)


  [1m[36mUser Load (0.3ms)[0m  [1m[34mSELECT  "users".* FROM "users" ORDER BY "users"."id" ASC LIMIT ?[0m  [["LIMIT", 1]]
  [1m[36mMicropost Load (0.2ms)[0m  [1m[34mSELECT  "microposts".* FROM "microposts" WHERE "microposts"."user_id" = ? LIMIT ?[0m  [["user_id", 1], ["LIMIT", 11]]
